06:57:14.151 [ INFO] maestro.cli.report.TestDebugReporter.logSystemInfo: Debug output path: /Users/macmini/Desktop/Code/chalk/.maestro/debug/mobile-new-meeting
06:57:14.152 [ INFO] MAESTRO.logSystemInfo: ---- System Info ----
06:57:14.152 [ INFO] MAESTRO.logSystemInfo: Maestro Version: 2.3.0
06:57:14.152 [ INFO] MAESTRO.logSystemInfo: CI: Undefined
06:57:14.152 [ INFO] MAESTRO.logSystemInfo: OS Name: Mac OS X
06:57:14.152 [ INFO] MAESTRO.logSystemInfo: OS Version: 26.2
06:57:14.153 [ INFO] MAESTRO.logSystemInfo: Architecture: aarch64
06:57:14.153 [ INFO] MAESTRO.logSystemInfo: Java Version: 17
06:57:14.192 [ INFO] MAESTRO.logSystemInfo: Xcode Version: 26.3
06:57:14.195 [ INFO] MAESTRO.logSystemInfo: Flutter Version: Undefined
06:57:14.197 [ INFO] MAESTRO.logSystemInfo: Flutter Channel: Undefined
06:57:14.197 [ INFO] MAESTRO.logSystemInfo: ---------------------
06:57:14.656 [DEBUG] io.micrometer.common.util.internal.logging.InternalLoggerFactory.newDefaultFactory: Using SLF4J as the default logging framework
06:57:14.768 [ INFO] maestro.cli.command.TestCommand.runShardSuite: [shard 1] Selected device emulator-5554 using port 7001 with execution plan ExecutionPlan(flowsToRun=[/Users/macmini/Desktop/Code/chalk/.maestro/mobile-new-meeting-flow.yaml], sequence=FlowSequence(flows=[], continueOnFailure=true), workspaceConfig=WorkspaceConfig(flows=null, includeTags=null, excludeTags=null, executionOrder=null, baselineBranch=null, notifications=null, disableRetries=false, platform=PlatformConfiguration(android=AndroidConfiguration(disableAnimations=false), ios=IOSConfiguration(disableAnimations=false, snapshotKeyHonorModalViews=null)), testOutputDir=null))
06:57:33.635 [ INFO] maestro.cli.runner.TestRunner.runSingle$lambda$0: Running flow mobile-new-meeting-flow.yaml...
06:57:33.644 [ INFO] maestro.Maestro.cachedDeviceInfo_delegate$lambda$0: Getting device info
06:57:34.879 [ INFO] maestro.Maestro.cachedDeviceInfo_delegate$lambda$0: Got device info: DeviceInfo(platform=ANDROID, widthPixels=1080, heightPixels=2400, widthGrid=1080, heightGrid=2400)
06:57:34.906 [ INFO] maestro.cli.runner.MaestroCommandRunner.runCommands$lambda$0: Define variables RUNNING
06:57:34.909 [ INFO] maestro.cli.runner.MaestroCommandRunner.runCommands$lambda$11: Define variables metadata CommandMetadata(numberOfRuns=null, evaluatedCommand=MaestroCommand(defineVariablesCommand=DefineVariablesCommand(env={MAESTRO_FILENAME=mobile-new-meeting-flow, MAESTRO_DEVICE_UDID=emulator-5554, MAESTRO_SHARD_ID=1, MAESTRO_SHARD_INDEX=0}, label=null, optional=false)), logMessages=[], insight=Insight(message=, level=NONE), aiReasoning=null, labeledCommand=null)
06:57:34.910 [ INFO] maestro.cli.runner.MaestroCommandRunner.runCommands$lambda$2: Define variables COMPLETED
06:57:34.910 [ INFO] maestro.cli.runner.MaestroCommandRunner.runCommands$lambda$0: Apply configuration RUNNING
06:57:34.911 [ INFO] maestro.cli.runner.MaestroCommandRunner.runCommands$lambda$11: Apply configuration metadata CommandMetadata(numberOfRuns=null, evaluatedCommand=MaestroCommand(applyConfigurationCommand=ApplyConfigurationCommand(config=MaestroConfig(appId=ai.q9labs.chalk.mobile, name=Chalk mobile new meeting flow, tags=[android, mobile, smoke], ext={}, onFlowStart=null, onFlowComplete=null, properties={}), label=null, optional=false)), logMessages=[], insight=Insight(message=, level=NONE), aiReasoning=null, labeledCommand=null)
06:57:34.912 [ INFO] maestro.cli.runner.MaestroCommandRunner.runCommands$lambda$2: Apply configuration COMPLETED
06:57:34.912 [ INFO] maestro.cli.runner.MaestroCommandRunner.runCommands$lambda$0: Launch app "ai.q9labs.chalk.mobile" with clear state RUNNING
06:57:34.913 [ INFO] maestro.cli.runner.MaestroCommandRunner.runCommands$lambda$11: Launch app "ai.q9labs.chalk.mobile" with clear state metadata CommandMetadata(numberOfRuns=null, evaluatedCommand=MaestroCommand(launchAppCommand=LaunchAppCommand(appId=ai.q9labs.chalk.mobile, clearState=true, clearKeychain=null, stopApp=true, permissions={camera=unset, microphone=unset}, launchArguments=null, label=null, optional=false)), logMessages=[], insight=Insight(message=, level=NONE), aiReasoning=null, labeledCommand=null)
06:57:34.913 [ INFO] maestro.Maestro.clearAppState: Clearing app state ai.q9labs.chalk.mobile
06:57:35.300 [ INFO] maestro.Maestro.launchApp: Launching app ai.q9labs.chalk.mobile
06:57:35.300 [ INFO] maestro.Maestro.launchApp: Stopping ai.q9labs.chalk.mobile app during launch
06:57:35.510 [ INFO] maestro.cli.runner.MaestroCommandRunner.runCommands$lambda$2: Launch app "ai.q9labs.chalk.mobile" with clear state COMPLETED
06:57:35.510 [ INFO] maestro.cli.runner.MaestroCommandRunner.runCommands$lambda$0: Assert that "New meeting" is visible RUNNING
06:57:35.514 [ INFO] maestro.cli.runner.MaestroCommandRunner.runCommands$lambda$11: Assert that "New meeting" is visible metadata CommandMetadata(numberOfRuns=null, evaluatedCommand=MaestroCommand(assertConditionCommand=AssertConditionCommand(condition=Condition(platform=null, visible=ElementSelector(textRegex=New meeting, idRegex=null, size=null, below=null, above=null, leftOf=null, rightOf=null, containsChild=null, containsDescendants=null, traits=null, index=null, enabled=null, optional=false, selected=null, checked=null, focused=null, childOf=null, css=null), notVisible=null, scriptCondition=null, label=null), timeout=null, label=null, optional=false)), logMessages=[], insight=Insight(message=, level=NONE), aiReasoning=null, labeledCommand=null)
06:57:36.869 [ INFO] maestro.cli.runner.MaestroCommandRunner.runCommands$lambda$2: Assert that "New meeting" is visible COMPLETED
06:57:36.869 [ INFO] maestro.cli.runner.MaestroCommandRunner.runCommands$lambda$0: Take screenshot 01-home-opened RUNNING
06:57:36.870 [ INFO] maestro.cli.runner.MaestroCommandRunner.runCommands$lambda$11: Take screenshot 01-home-opened metadata CommandMetadata(numberOfRuns=null, evaluatedCommand=MaestroCommand(takeScreenshotCommand=TakeScreenshotCommand(path=01-home-opened, cropOn=null, label=null, optional=false)), logMessages=[], insight=Insight(message=, level=NONE), aiReasoning=null, labeledCommand=null)
06:57:36.870 [ INFO] maestro.Maestro.takeScreenshot: Taking screenshot
06:57:36.870 [TRACE] maestro.utils.ScreenshotUtils.takeScreenshot: Taking screenshot to output sink
06:57:37.076 [ INFO] maestro.cli.runner.MaestroCommandRunner.runCommands$lambda$2: Take screenshot 01-home-opened COMPLETED
06:57:37.076 [ INFO] maestro.cli.runner.MaestroCommandRunner.runCommands$lambda$0: Tap on "New meeting" RUNNING
06:57:37.078 [ INFO] maestro.cli.runner.MaestroCommandRunner.runCommands$lambda$11: Tap on "New meeting" metadata CommandMetadata(numberOfRuns=null, evaluatedCommand=MaestroCommand(tapOnElementCommand=TapOnElementCommand(selector=ElementSelector(textRegex=New meeting, idRegex=null, size=null, below=null, above=null, leftOf=null, rightOf=null, containsChild=null, containsDescendants=null, traits=null, index=null, enabled=null, optional=false, selected=null, checked=null, focused=null, childOf=null, css=null), retryIfNoChange=false, waitUntilVisible=false, longPress=false, repeat=null, waitToSettleTimeoutMs=null, relativePoint=null, label=null, optional=false)), logMessages=[], insight=Insight(message=, level=NONE), aiReasoning=null, labeledCommand=null)
06:57:37.735 [ INFO] maestro.Maestro.tap-BUbHBYE: Tapping on element:  UiElement(treeNode=TreeNode(attributes={text=New meeting, accessibilityText=, hintText=, ignoreBoundsFiltering=false, resource-id=, clickable=false, bounds=[446,1272][711,1333], enabled=true, focused=false, checked=false, scrollable=false, selected=false, class=android.widget.TextView, important-for-accessibility=true, error=}, children=[], clickable=false, enabled=true, focused=false, checked=false, selected=false), bounds=Bounds(x=446, y=1272, width=265, height=61))
06:57:38.874 [ INFO] maestro.Maestro.tap-BUbHBYE: Refreshed element
06:57:38.875 [ INFO] maestro.Maestro.hierarchyBasedTap-hbl3e4M: Tapping at (578, 1302) using hierarchy based logic for wait
06:57:39.742 [ INFO] maestro.Maestro.hierarchyBasedTap-hbl3e4M: Something has changed in the UI judging by view hierarchy. Proceed.
06:57:39.742 [ INFO] maestro.cli.runner.MaestroCommandRunner.runCommands$lambda$2: Tap on "New meeting" COMPLETED
06:57:39.742 [ INFO] maestro.cli.runner.MaestroCommandRunner.runCommands$lambda$0: Take screenshot 02-after-new-meeting-tap RUNNING
06:57:39.743 [ INFO] maestro.cli.runner.MaestroCommandRunner.runCommands$lambda$11: Take screenshot 02-after-new-meeting-tap metadata CommandMetadata(numberOfRuns=null, evaluatedCommand=MaestroCommand(takeScreenshotCommand=TakeScreenshotCommand(path=02-after-new-meeting-tap, cropOn=null, label=null, optional=false)), logMessages=[], insight=Insight(message=, level=NONE), aiReasoning=null, labeledCommand=null)
06:57:39.743 [ INFO] maestro.Maestro.takeScreenshot: Taking screenshot
06:57:39.743 [TRACE] maestro.utils.ScreenshotUtils.takeScreenshot: Taking screenshot to output sink
06:57:39.811 [ INFO] maestro.cli.runner.MaestroCommandRunner.runCommands$lambda$2: Take screenshot 02-after-new-meeting-tap COMPLETED
06:57:39.812 [ INFO] maestro.cli.runner.MaestroCommandRunner.runCommands$lambda$0: Run subflows/android-accept-media-permissions.yaml RUNNING
06:57:39.813 [ INFO] maestro.cli.runner.MaestroCommandRunner.runCommands$lambda$11: Run subflows/android-accept-media-permissions.yaml metadata CommandMetadata(numberOfRuns=null, evaluatedCommand=MaestroCommand(runFlowCommand=RunFlowCommand(commands=[MaestroCommand(applyConfigurationCommand=ApplyConfigurationCommand(config=MaestroConfig(appId=ai.q9labs.chalk.mobile, name=null, tags=[], ext={}, onFlowStart=null, onFlowComplete=null, properties={}), label=null, optional=false)), MaestroCommand(runFlowCommand=RunFlowCommand(commands=[MaestroCommand(tapOnElementCommand=TapOnElementCommand(selector=ElementSelector(textRegex=(?i).*(while using the app|allow only while using the app|only this time|allow).*, idRegex=null, size=null, below=null, above=null, leftOf=null, rightOf=null, containsChild=null, containsDescendants=null, traits=null, index=null, enabled=null, optional=false, selected=null, checked=null, focused=null, childOf=null, css=null), retryIfNoChange=false, waitUntilVisible=false, longPress=false, repeat=null, waitToSettleTimeoutMs=null, relativePoint=null, label=null, optional=false))], condition=Condition(platform=null, visible=ElementSelector(textRegex=(?i).*(while using the app|allow only while using the app|only this time|allow).*, idRegex=null, size=null, below=null, above=null, leftOf=null, rightOf=null, containsChild=null, containsDescendants=null, traits=null, index=null, enabled=null, optional=false, selected=null, checked=null, focused=null, childOf=null, css=null), notVisible=null, scriptCondition=null, label=null), sourceDescription=null, config=null, label=null, optional=false)), MaestroCommand(runFlowCommand=RunFlowCommand(commands=[MaestroCommand(tapOnElementCommand=TapOnElementCommand(selector=ElementSelector(textRegex=(?i).*(while using the app|allow only while using the app|only this time|allow).*, idRegex=null, size=null, below=null, above=null, leftOf=null, rightOf=null, containsChild=null, containsDescendants=null, traits=null, index=null, enabled=null, optional=false, selected=null, checked=null, focused=null, childOf=null, css=null), retryIfNoChange=false, waitUntilVisible=false, longPress=false, repeat=null, waitToSettleTimeoutMs=null, relativePoint=null, label=null, optional=false))], condition=Condition(platform=null, visible=ElementSelector(textRegex=(?i).*(while using the app|allow only while using the app|only this time|allow).*, idRegex=null, size=null, below=null, above=null, leftOf=null, rightOf=null, containsChild=null, containsDescendants=null, traits=null, index=null, enabled=null, optional=false, selected=null, checked=null, focused=null, childOf=null, css=null), notVisible=null, scriptCondition=null, label=null), sourceDescription=null, config=null, label=null, optional=false)), MaestroCommand(runFlowCommand=RunFlowCommand(commands=[MaestroCommand(tapOnElementCommand=TapOnElementCommand(selector=ElementSelector(textRegex=(?i).*(while using the app|allow only while using the app|only this time|allow).*, idRegex=null, size=null, below=null, above=null, leftOf=null, rightOf=null, containsChild=null, containsDescendants=null, traits=null, index=null, enabled=null, optional=false, selected=null, checked=null, focused=null, childOf=null, css=null), retryIfNoChange=false, waitUntilVisible=false, longPress=false, repeat=null, waitToSettleTimeoutMs=null, relativePoint=null, label=null, optional=false))], condition=Condition(platform=null, visible=ElementSelector(textRegex=(?i).*(while using the app|allow only while using the app|only this time|allow).*, idRegex=null, size=null, below=null, above=null, leftOf=null, rightOf=null, containsChild=null, containsDescendants=null, traits=null, index=null, enabled=null, optional=false, selected=null, checked=null, focused=null, childOf=null, css=null), notVisible=null, scriptCondition=null, label=null), sourceDescription=null, config=null, label=null, optional=false))], condition=null, sourceDescription=subflows/android-accept-media-permissions.yaml, config=MaestroConfig(appId=ai.q9labs.chalk.mobile, name=null, tags=[], ext={}, onFlowStart=null, onFlowComplete=null, properties={}), label=null, optional=false)), logMessages=[], insight=Insight(message=, level=NONE), aiReasoning=null, labeledCommand=null)
06:57:39.814 [ INFO] maestro.cli.runner.MaestroCommandRunner.runCommands$lambda$0: Apply configuration RUNNING
06:57:39.814 [ INFO] maestro.cli.runner.MaestroCommandRunner.runCommands$lambda$11: Apply configuration metadata CommandMetadata(numberOfRuns=null, evaluatedCommand=MaestroCommand(applyConfigurationCommand=ApplyConfigurationCommand(config=MaestroConfig(appId=ai.q9labs.chalk.mobile, name=null, tags=[], ext={}, onFlowStart=null, onFlowComplete=null, properties={}), label=null, optional=false)), logMessages=[], insight=Insight(message=, level=NONE), aiReasoning=null, labeledCommand=null)
06:57:39.814 [ INFO] maestro.cli.runner.MaestroCommandRunner.runCommands$lambda$2: Apply configuration COMPLETED
06:57:39.814 [ INFO] maestro.cli.runner.MaestroCommandRunner.runCommands$lambda$0: Run flow when "(?i).*(while using the app|allow only while using the app|only this time|allow).*" is visible RUNNING
06:57:39.814 [ INFO] maestro.cli.runner.MaestroCommandRunner.runCommands$lambda$11: Run flow when "(?i).*(while using the app|allow only while using the app|only this time|allow).*" is visible metadata CommandMetadata(numberOfRuns=null, evaluatedCommand=MaestroCommand(runFlowCommand=RunFlowCommand(commands=[MaestroCommand(tapOnElementCommand=TapOnElementCommand(selector=ElementSelector(textRegex=(?i).*(while using the app|allow only while using the app|only this time|allow).*, idRegex=null, size=null, below=null, above=null, leftOf=null, rightOf=null, containsChild=null, containsDescendants=null, traits=null, index=null, enabled=null, optional=false, selected=null, checked=null, focused=null, childOf=null, css=null), retryIfNoChange=false, waitUntilVisible=false, longPress=false, repeat=null, waitToSettleTimeoutMs=null, relativePoint=null, label=null, optional=false))], condition=Condition(platform=null, visible=ElementSelector(textRegex=(?i).*(while using the app|allow only while using the app|only this time|allow).*, idRegex=null, size=null, below=null, above=null, leftOf=null, rightOf=null, containsChild=null, containsDescendants=null, traits=null, index=null, enabled=null, optional=false, selected=null, checked=null, focused=null, childOf=null, css=null), notVisible=null, scriptCondition=null, label=null), sourceDescription=null, config=null, label=null, optional=false)), logMessages=[], insight=Insight(message=, level=NONE), aiReasoning=null, labeledCommand=null)
06:57:39.874 [ INFO] maestro.cli.runner.MaestroCommandRunner.runCommands$lambda$0: Tap on "(?i).*(while using the app|allow only while using the app|only this time|allow).*" RUNNING
06:57:39.875 [ INFO] maestro.cli.runner.MaestroCommandRunner.runCommands$lambda$11: Tap on "(?i).*(while using the app|allow only while using the app|only this time|allow).*" metadata CommandMetadata(numberOfRuns=null, evaluatedCommand=MaestroCommand(tapOnElementCommand=TapOnElementCommand(selector=ElementSelector(textRegex=(?i).*(while using the app|allow only while using the app|only this time|allow).*, idRegex=null, size=null, below=null, above=null, leftOf=null, rightOf=null, containsChild=null, containsDescendants=null, traits=null, index=null, enabled=null, optional=false, selected=null, checked=null, focused=null, childOf=null, css=null), retryIfNoChange=false, waitUntilVisible=false, longPress=false, repeat=null, waitToSettleTimeoutMs=null, relativePoint=null, label=null, optional=false)), logMessages=[], insight=Insight(message=, level=NONE), aiReasoning=null, labeledCommand=null)
06:57:39.926 [ INFO] maestro.Maestro.tap-BUbHBYE: Tapping on element:  UiElement(treeNode=TreeNode(attributes={text=While using the app, accessibilityText=, hintText=, ignoreBoundsFiltering=false, resource-id=com.android.permissioncontroller:id/permission_allow_foreground_only_button, clickable=true, bounds=[133,1176][947,1281], enabled=true, focused=false, checked=false, scrollable=false, selected=false, class=android.widget.Button, important-for-accessibility=true, error=}, children=[], clickable=true, enabled=true, focused=false, checked=false, selected=false), bounds=Bounds(x=133, y=1176, width=814, height=105))
06:57:40.714 [ INFO] maestro.Maestro.tap-BUbHBYE: Refreshed element
06:57:40.714 [ INFO] maestro.Maestro.hierarchyBasedTap-hbl3e4M: Tapping at (540, 1228) using hierarchy based logic for wait
06:57:42.368 [ INFO] maestro.Maestro.hierarchyBasedTap-hbl3e4M: Something has changed in the UI judging by view hierarchy. Proceed.
06:57:42.369 [ INFO] maestro.cli.runner.MaestroCommandRunner.runCommands$lambda$2: Tap on "(?i).*(while using the app|allow only while using the app|only this time|allow).*" COMPLETED
06:57:42.369 [ INFO] maestro.cli.runner.MaestroCommandRunner.runCommands$lambda$2: Run flow when "(?i).*(while using the app|allow only while using the app|only this time|allow).*" is visible COMPLETED
06:57:42.369 [ INFO] maestro.cli.runner.MaestroCommandRunner.runCommands$lambda$0: Run flow when "(?i).*(while using the app|allow only while using the app|only this time|allow).*" is visible RUNNING
06:57:42.370 [ INFO] maestro.cli.runner.MaestroCommandRunner.runCommands$lambda$11: Run flow when "(?i).*(while using the app|allow only while using the app|only this time|allow).*" is visible metadata CommandMetadata(numberOfRuns=null, evaluatedCommand=MaestroCommand(runFlowCommand=RunFlowCommand(commands=[MaestroCommand(tapOnElementCommand=TapOnElementCommand(selector=ElementSelector(textRegex=(?i).*(while using the app|allow only while using the app|only this time|allow).*, idRegex=null, size=null, below=null, above=null, leftOf=null, rightOf=null, containsChild=null, containsDescendants=null, traits=null, index=null, enabled=null, optional=false, selected=null, checked=null, focused=null, childOf=null, css=null), retryIfNoChange=false, waitUntilVisible=false, longPress=false, repeat=null, waitToSettleTimeoutMs=null, relativePoint=null, label=null, optional=false))], condition=Condition(platform=null, visible=ElementSelector(textRegex=(?i).*(while using the app|allow only while using the app|only this time|allow).*, idRegex=null, size=null, below=null, above=null, leftOf=null, rightOf=null, containsChild=null, containsDescendants=null, traits=null, index=null, enabled=null, optional=false, selected=null, checked=null, focused=null, childOf=null, css=null), notVisible=null, scriptCondition=null, label=null), sourceDescription=null, config=null, label=null, optional=false)), logMessages=[], insight=Insight(message=, level=NONE), aiReasoning=null, labeledCommand=null)
06:57:49.476 [ INFO] maestro.orchestra.Orchestra.executeSubflowCommands: [Command execution subflow] CommandSkipped: null
06:57:49.477 [ INFO] maestro.cli.runner.MaestroCommandRunner.runCommands$lambda$8: Run flow when "(?i).*(while using the app|allow only while using the app|only this time|allow).*" is visible SKIPPED
06:57:49.478 [ INFO] maestro.cli.runner.MaestroCommandRunner.runCommands$lambda$0: Run flow when "(?i).*(while using the app|allow only while using the app|only this time|allow).*" is visible RUNNING
06:57:49.478 [ INFO] maestro.cli.runner.MaestroCommandRunner.runCommands$lambda$11: Run flow when "(?i).*(while using the app|allow only while using the app|only this time|allow).*" is visible metadata CommandMetadata(numberOfRuns=null, evaluatedCommand=MaestroCommand(runFlowCommand=RunFlowCommand(commands=[MaestroCommand(tapOnElementCommand=TapOnElementCommand(selector=ElementSelector(textRegex=(?i).*(while using the app|allow only while using the app|only this time|allow).*, idRegex=null, size=null, below=null, above=null, leftOf=null, rightOf=null, containsChild=null, containsDescendants=null, traits=null, index=null, enabled=null, optional=false, selected=null, checked=null, focused=null, childOf=null, css=null), retryIfNoChange=false, waitUntilVisible=false, longPress=false, repeat=null, waitToSettleTimeoutMs=null, relativePoint=null, label=null, optional=false))], condition=Condition(platform=null, visible=ElementSelector(textRegex=(?i).*(while using the app|allow only while using the app|only this time|allow).*, idRegex=null, size=null, below=null, above=null, leftOf=null, rightOf=null, containsChild=null, containsDescendants=null, traits=null, index=null, enabled=null, optional=false, selected=null, checked=null, focused=null, childOf=null, css=null), notVisible=null, scriptCondition=null, label=null), sourceDescription=null, config=null, label=null, optional=false)), logMessages=[], insight=Insight(message=, level=NONE), aiReasoning=null, labeledCommand=null)
06:57:49.511 [ INFO] maestro.orchestra.Orchestra.executeSubflowCommands: [Command execution subflow] CommandSkipped: null
06:57:49.511 [ INFO] maestro.cli.runner.MaestroCommandRunner.runCommands$lambda$8: Run flow when "(?i).*(while using the app|allow only while using the app|only this time|allow).*" is visible SKIPPED
06:57:49.511 [ INFO] maestro.cli.runner.MaestroCommandRunner.runCommands$lambda$2: Run subflows/android-accept-media-permissions.yaml COMPLETED
06:57:49.511 [ INFO] maestro.cli.runner.MaestroCommandRunner.runCommands$lambda$0: Take screenshot 03-after-permission-handled RUNNING
06:57:49.511 [ INFO] maestro.cli.runner.MaestroCommandRunner.runCommands$lambda$11: Take screenshot 03-after-permission-handled metadata CommandMetadata(numberOfRuns=null, evaluatedCommand=MaestroCommand(takeScreenshotCommand=TakeScreenshotCommand(path=03-after-permission-handled, cropOn=null, label=null, optional=false)), logMessages=[], insight=Insight(message=, level=NONE), aiReasoning=null, labeledCommand=null)
06:57:49.512 [ INFO] maestro.Maestro.takeScreenshot: Taking screenshot
06:57:49.512 [TRACE] maestro.utils.ScreenshotUtils.takeScreenshot: Taking screenshot to output sink
06:57:49.575 [ INFO] maestro.cli.runner.MaestroCommandRunner.runCommands$lambda$2: Take screenshot 03-after-permission-handled COMPLETED
06:57:49.576 [ INFO] maestro.cli.runner.MaestroCommandRunner.runCommands$lambda$0: Assert that "Display Name" is visible RUNNING
06:57:49.576 [ INFO] maestro.cli.runner.MaestroCommandRunner.runCommands$lambda$11: Assert that "Display Name" is visible metadata CommandMetadata(numberOfRuns=null, evaluatedCommand=MaestroCommand(assertConditionCommand=AssertConditionCommand(condition=Condition(platform=null, visible=ElementSelector(textRegex=Display Name, idRegex=null, size=null, below=null, above=null, leftOf=null, rightOf=null, containsChild=null, containsDescendants=null, traits=null, index=null, enabled=null, optional=false, selected=null, checked=null, focused=null, childOf=null, css=null), notVisible=null, scriptCondition=null, label=null), timeout=20000, label=null, optional=false)), logMessages=[], insight=Insight(message=, level=NONE), aiReasoning=null, labeledCommand=null)
06:57:49.587 [ INFO] maestro.cli.runner.MaestroCommandRunner.runCommands$lambda$2: Assert that "Display Name" is visible COMPLETED
06:57:49.587 [ INFO] maestro.cli.runner.MaestroCommandRunner.runCommands$lambda$0: Assert that "Join Meeting" is visible RUNNING
06:57:49.587 [ INFO] maestro.cli.runner.MaestroCommandRunner.runCommands$lambda$11: Assert that "Join Meeting" is visible metadata CommandMetadata(numberOfRuns=null, evaluatedCommand=MaestroCommand(assertConditionCommand=AssertConditionCommand(condition=Condition(platform=null, visible=ElementSelector(textRegex=Join Meeting, idRegex=null, size=null, below=null, above=null, leftOf=null, rightOf=null, containsChild=null, containsDescendants=null, traits=null, index=null, enabled=null, optional=false, selected=null, checked=null, focused=null, childOf=null, css=null), notVisible=null, scriptCondition=null, label=null), timeout=null, label=null, optional=false)), logMessages=[], insight=Insight(message=, level=NONE), aiReasoning=null, labeledCommand=null)
06:57:49.643 [ INFO] maestro.cli.runner.MaestroCommandRunner.runCommands$lambda$2: Assert that "Join Meeting" is visible COMPLETED
06:57:49.644 [ INFO] maestro.cli.runner.MaestroCommandRunner.runCommands$lambda$0: Take screenshot 04-lobby-visible RUNNING
06:57:49.644 [ INFO] maestro.cli.runner.MaestroCommandRunner.runCommands$lambda$11: Take screenshot 04-lobby-visible metadata CommandMetadata(numberOfRuns=null, evaluatedCommand=MaestroCommand(takeScreenshotCommand=TakeScreenshotCommand(path=04-lobby-visible, cropOn=null, label=null, optional=false)), logMessages=[], insight=Insight(message=, level=NONE), aiReasoning=null, labeledCommand=null)
06:57:49.644 [ INFO] maestro.Maestro.takeScreenshot: Taking screenshot
06:57:49.644 [TRACE] maestro.utils.ScreenshotUtils.takeScreenshot: Taking screenshot to output sink
06:57:49.710 [ INFO] maestro.cli.runner.MaestroCommandRunner.runCommands$lambda$2: Take screenshot 04-lobby-visible COMPLETED
06:57:49.710 [ INFO] maestro.cli.runner.MaestroCommandRunner.runCommands$lambda$0: Tap on "Join Meeting" RUNNING
06:57:49.710 [ INFO] maestro.cli.runner.MaestroCommandRunner.runCommands$lambda$11: Tap on "Join Meeting" metadata CommandMetadata(numberOfRuns=null, evaluatedCommand=MaestroCommand(tapOnElementCommand=TapOnElementCommand(selector=ElementSelector(textRegex=Join Meeting, idRegex=null, size=null, below=null, above=null, leftOf=null, rightOf=null, containsChild=null, containsDescendants=null, traits=null, index=null, enabled=null, optional=false, selected=null, checked=null, focused=null, childOf=null, css=null), retryIfNoChange=false, waitUntilVisible=false, longPress=false, repeat=null, waitToSettleTimeoutMs=null, relativePoint=null, label=null, optional=false)), logMessages=[], insight=Insight(message=, level=NONE), aiReasoning=null, labeledCommand=null)
06:57:49.765 [ INFO] maestro.Maestro.tap-BUbHBYE: Tapping on element:  UiElement(treeNode=TreeNode(attributes={text=Join Meeting, accessibilityText=, hintText=, ignoreBoundsFiltering=false, resource-id=, clickable=false, bounds=[398,2069][682,2134], enabled=true, focused=false, checked=false, scrollable=false, selected=false, class=android.widget.TextView, important-for-accessibility=true, error=}, children=[], clickable=false, enabled=true, focused=false, checked=false, selected=false), bounds=Bounds(x=398, y=2069, width=284, height=65))
06:57:50.840 [ INFO] maestro.Maestro.tap-BUbHBYE: Refreshed element
06:57:50.840 [ INFO] maestro.Maestro.hierarchyBasedTap-hbl3e4M: Tapping at (540, 2101) using hierarchy based logic for wait
06:57:59.620 [ INFO] maestro.Maestro.hierarchyBasedTap-hbl3e4M: Something has changed in the UI judging by view hierarchy. Proceed.
06:57:59.621 [ INFO] maestro.cli.runner.MaestroCommandRunner.runCommands$lambda$2: Tap on "Join Meeting" COMPLETED
06:57:59.621 [ INFO] maestro.cli.runner.MaestroCommandRunner.runCommands$lambda$0: Take screenshot 05-after-join-meeting-tap RUNNING
06:57:59.621 [ INFO] maestro.cli.runner.MaestroCommandRunner.runCommands$lambda$11: Take screenshot 05-after-join-meeting-tap metadata CommandMetadata(numberOfRuns=null, evaluatedCommand=MaestroCommand(takeScreenshotCommand=TakeScreenshotCommand(path=05-after-join-meeting-tap, cropOn=null, label=null, optional=false)), logMessages=[], insight=Insight(message=, level=NONE), aiReasoning=null, labeledCommand=null)
06:57:59.621 [ INFO] maestro.Maestro.takeScreenshot: Taking screenshot
06:57:59.621 [TRACE] maestro.utils.ScreenshotUtils.takeScreenshot: Taking screenshot to output sink
06:57:59.707 [ INFO] maestro.cli.runner.MaestroCommandRunner.runCommands$lambda$2: Take screenshot 05-after-join-meeting-tap COMPLETED
06:57:59.707 [ INFO] maestro.cli.runner.MaestroCommandRunner.runCommands$lambda$0: Assert that "(?i)(Joining .+|Already connected to a room)" is visible RUNNING
06:57:59.707 [ INFO] maestro.cli.runner.MaestroCommandRunner.runCommands$lambda$11: Assert that "(?i)(Joining .+|Already connected to a room)" is visible metadata CommandMetadata(numberOfRuns=null, evaluatedCommand=MaestroCommand(assertConditionCommand=AssertConditionCommand(condition=Condition(platform=null, visible=ElementSelector(textRegex=(?i)(Joining .+|Already connected to a room), idRegex=null, size=null, below=null, above=null, leftOf=null, rightOf=null, containsChild=null, containsDescendants=null, traits=null, index=null, enabled=null, optional=false, selected=null, checked=null, focused=null, childOf=null, css=null), notVisible=null, scriptCondition=null, label=null), timeout=20000, label=null, optional=false)), logMessages=[], insight=Insight(message=, level=NONE), aiReasoning=null, labeledCommand=null)
06:58:00.326 [ INFO] maestro.cli.runner.MaestroCommandRunner.runCommands$lambda$2: Assert that "(?i)(Joining .+|Already connected to a room)" is visible COMPLETED
06:58:00.326 [ INFO] maestro.cli.runner.MaestroCommandRunner.runCommands$lambda$0: Take screenshot 06-post-join-state RUNNING
06:58:00.327 [ INFO] maestro.cli.runner.MaestroCommandRunner.runCommands$lambda$11: Take screenshot 06-post-join-state metadata CommandMetadata(numberOfRuns=null, evaluatedCommand=MaestroCommand(takeScreenshotCommand=TakeScreenshotCommand(path=06-post-join-state, cropOn=null, label=null, optional=false)), logMessages=[], insight=Insight(message=, level=NONE), aiReasoning=null, labeledCommand=null)
06:58:00.327 [ INFO] maestro.Maestro.takeScreenshot: Taking screenshot
06:58:00.327 [TRACE] maestro.utils.ScreenshotUtils.takeScreenshot: Taking screenshot to output sink
06:58:00.419 [ INFO] maestro.cli.runner.MaestroCommandRunner.runCommands$lambda$2: Take screenshot 06-post-join-state COMPLETED
06:58:00.840 [ERROR] maestro.cli.session.MaestroSessionManager.newSession$lambda$0: Failed to record heartbeat
java.lang.InterruptedException: sleep interrupted
	at java.base/java.lang.Thread.sleep(Native Method)
	at maestro.cli.session.MaestroSessionManager.newSession$lambda$0(MaestroSessionManager.kt:95)
	at java.base/java.util.concurrent.Executors$RunnableAdapter.call(Executors.java:539)
	at java.base/java.util.concurrent.FutureTask.runAndReset(FutureTask.java:305)
	at java.base/java.util.concurrent.ScheduledThreadPoolExecutor$ScheduledFutureTask.run(ScheduledThreadPoolExecutor.java:305)
	at java.base/java.util.concurrent.ThreadPoolExecutor.runWorker(ThreadPoolExecutor.java:1136)
	at java.base/java.util.concurrent.ThreadPoolExecutor$Worker.run(ThreadPoolExecutor.java:635)
	at java.base/java.lang.Thread.run(Thread.java:840)
06:59:11.661 [ INFO] maestro.cli.report.TestDebugReporter.logSystemInfo: Debug output path: /Users/macmini/Desktop/Code/chalk/.maestro/debug/mobile-new-meeting
06:59:11.662 [ INFO] MAESTRO.logSystemInfo: ---- System Info ----
06:59:11.663 [ INFO] MAESTRO.logSystemInfo: Maestro Version: 2.3.0
06:59:11.663 [ INFO] MAESTRO.logSystemInfo: CI: Undefined
06:59:11.663 [ INFO] MAESTRO.logSystemInfo: OS Name: Mac OS X
06:59:11.664 [ INFO] MAESTRO.logSystemInfo: OS Version: 26.2
06:59:11.664 [ INFO] MAESTRO.logSystemInfo: Architecture: aarch64
06:59:11.665 [ INFO] MAESTRO.logSystemInfo: Java Version: 17
06:59:11.713 [ INFO] MAESTRO.logSystemInfo: Xcode Version: 26.3
06:59:11.716 [ INFO] MAESTRO.logSystemInfo: Flutter Version: Undefined
06:59:11.720 [ INFO] MAESTRO.logSystemInfo: Flutter Channel: Undefined
06:59:11.721 [ INFO] MAESTRO.logSystemInfo: ---------------------
06:59:12.321 [ INFO] maestro.cli.command.TestCommand.runShardSuite: [shard 1] Selected device emulator-5554 using port 7001 with execution plan ExecutionPlan(flowsToRun=[/Users/macmini/Desktop/Code/chalk/.maestro/mobile-new-meeting-flow.yaml], sequence=FlowSequence(flows=[], continueOnFailure=true), workspaceConfig=WorkspaceConfig(flows=null, includeTags=null, excludeTags=null, executionOrder=null, baselineBranch=null, notifications=null, disableRetries=false, platform=PlatformConfiguration(android=AndroidConfiguration(disableAnimations=false), ios=IOSConfiguration(disableAnimations=false, snapshotKeyHonorModalViews=null)), testOutputDir=null))
06:59:12.398 [DEBUG] io.micrometer.common.util.internal.logging.InternalLoggerFactory.newDefaultFactory: Using SLF4J as the default logging framework
06:59:14.402 [ INFO] maestro.cli.runner.TestRunner.runSingle$lambda$0: Running flow mobile-new-meeting-flow.yaml...
06:59:14.410 [ INFO] maestro.Maestro.cachedDeviceInfo_delegate$lambda$0: Getting device info
06:59:14.509 [ INFO] maestro.Maestro.cachedDeviceInfo_delegate$lambda$0: Got device info: DeviceInfo(platform=ANDROID, widthPixels=1080, heightPixels=2400, widthGrid=1080, heightGrid=2400)
06:59:14.539 [ INFO] maestro.cli.runner.MaestroCommandRunner.runCommands$lambda$0: Define variables RUNNING
06:59:14.542 [ INFO] maestro.cli.runner.MaestroCommandRunner.runCommands$lambda$11: Define variables metadata CommandMetadata(numberOfRuns=null, evaluatedCommand=MaestroCommand(defineVariablesCommand=DefineVariablesCommand(env={MAESTRO_FILENAME=mobile-new-meeting-flow, MAESTRO_DEVICE_UDID=emulator-5554, MAESTRO_SHARD_ID=1, MAESTRO_SHARD_INDEX=0}, label=null, optional=false)), logMessages=[], insight=Insight(message=, level=NONE), aiReasoning=null, labeledCommand=null)
06:59:14.543 [ INFO] maestro.cli.runner.MaestroCommandRunner.runCommands$lambda$2: Define variables COMPLETED
06:59:14.543 [ INFO] maestro.cli.runner.MaestroCommandRunner.runCommands$lambda$0: Apply configuration RUNNING
06:59:14.544 [ INFO] maestro.cli.runner.MaestroCommandRunner.runCommands$lambda$11: Apply configuration metadata CommandMetadata(numberOfRuns=null, evaluatedCommand=MaestroCommand(applyConfigurationCommand=ApplyConfigurationCommand(config=MaestroConfig(appId=ai.q9labs.chalk.mobile, name=Chalk mobile new meeting flow, tags=[android, mobile, smoke], ext={}, onFlowStart=null, onFlowComplete=null, properties={}), label=null, optional=false)), logMessages=[], insight=Insight(message=, level=NONE), aiReasoning=null, labeledCommand=null)
06:59:14.545 [ INFO] maestro.cli.runner.MaestroCommandRunner.runCommands$lambda$2: Apply configuration COMPLETED
06:59:14.545 [ INFO] maestro.cli.runner.MaestroCommandRunner.runCommands$lambda$0: Launch app "ai.q9labs.chalk.mobile" with clear state RUNNING
06:59:14.546 [ INFO] maestro.cli.runner.MaestroCommandRunner.runCommands$lambda$11: Launch app "ai.q9labs.chalk.mobile" with clear state metadata CommandMetadata(numberOfRuns=null, evaluatedCommand=MaestroCommand(launchAppCommand=LaunchAppCommand(appId=ai.q9labs.chalk.mobile, clearState=true, clearKeychain=null, stopApp=true, permissions={camera=unset, microphone=unset}, launchArguments=null, label=null, optional=false)), logMessages=[], insight=Insight(message=, level=NONE), aiReasoning=null, labeledCommand=null)
06:59:14.546 [ INFO] maestro.Maestro.clearAppState: Clearing app state ai.q9labs.chalk.mobile
06:59:14.748 [ INFO] maestro.Maestro.launchApp: Launching app ai.q9labs.chalk.mobile
06:59:14.748 [ INFO] maestro.Maestro.launchApp: Stopping ai.q9labs.chalk.mobile app during launch
06:59:14.932 [ INFO] maestro.cli.runner.MaestroCommandRunner.runCommands$lambda$2: Launch app "ai.q9labs.chalk.mobile" with clear state COMPLETED
06:59:14.933 [ INFO] maestro.cli.runner.MaestroCommandRunner.runCommands$lambda$0: Assert that "New meeting" is visible RUNNING
06:59:14.937 [ INFO] maestro.cli.runner.MaestroCommandRunner.runCommands$lambda$11: Assert that "New meeting" is visible metadata CommandMetadata(numberOfRuns=null, evaluatedCommand=MaestroCommand(assertConditionCommand=AssertConditionCommand(condition=Condition(platform=null, visible=ElementSelector(textRegex=New meeting, idRegex=null, size=null, below=null, above=null, leftOf=null, rightOf=null, containsChild=null, containsDescendants=null, traits=null, index=null, enabled=null, optional=false, selected=null, checked=null, focused=null, childOf=null, css=null), notVisible=null, scriptCondition=null, label=null), timeout=null, label=null, optional=false)), logMessages=[], insight=Insight(message=, level=NONE), aiReasoning=null, labeledCommand=null)
06:59:16.489 [ INFO] maestro.cli.runner.MaestroCommandRunner.runCommands$lambda$2: Assert that "New meeting" is visible COMPLETED
06:59:16.489 [ INFO] maestro.cli.runner.MaestroCommandRunner.runCommands$lambda$0: Take screenshot 01-home-opened RUNNING
06:59:16.490 [ INFO] maestro.cli.runner.MaestroCommandRunner.runCommands$lambda$11: Take screenshot 01-home-opened metadata CommandMetadata(numberOfRuns=null, evaluatedCommand=MaestroCommand(takeScreenshotCommand=TakeScreenshotCommand(path=01-home-opened, cropOn=null, label=null, optional=false)), logMessages=[], insight=Insight(message=, level=NONE), aiReasoning=null, labeledCommand=null)
06:59:16.490 [ INFO] maestro.Maestro.takeScreenshot: Taking screenshot
06:59:16.491 [TRACE] maestro.utils.ScreenshotUtils.takeScreenshot: Taking screenshot to output sink
06:59:16.603 [ INFO] maestro.cli.runner.MaestroCommandRunner.runCommands$lambda$2: Take screenshot 01-home-opened COMPLETED
06:59:16.604 [ INFO] maestro.cli.runner.MaestroCommandRunner.runCommands$lambda$0: Tap on "New meeting" RUNNING
06:59:16.605 [ INFO] maestro.cli.runner.MaestroCommandRunner.runCommands$lambda$11: Tap on "New meeting" metadata CommandMetadata(numberOfRuns=null, evaluatedCommand=MaestroCommand(tapOnElementCommand=TapOnElementCommand(selector=ElementSelector(textRegex=New meeting, idRegex=null, size=null, below=null, above=null, leftOf=null, rightOf=null, containsChild=null, containsDescendants=null, traits=null, index=null, enabled=null, optional=false, selected=null, checked=null, focused=null, childOf=null, css=null), retryIfNoChange=false, waitUntilVisible=false, longPress=false, repeat=null, waitToSettleTimeoutMs=null, relativePoint=null, label=null, optional=false)), logMessages=[], insight=Insight(message=, level=NONE), aiReasoning=null, labeledCommand=null)
06:59:17.099 [ INFO] maestro.Maestro.tap-BUbHBYE: Tapping on element:  UiElement(treeNode=TreeNode(attributes={text=New meeting, accessibilityText=, hintText=, ignoreBoundsFiltering=false, resource-id=, clickable=false, bounds=[446,1272][711,1333], enabled=true, focused=false, checked=false, scrollable=false, selected=false, class=android.widget.TextView, important-for-accessibility=true, error=}, children=[], clickable=false, enabled=true, focused=false, checked=false, selected=false), bounds=Bounds(x=446, y=1272, width=265, height=61))
06:59:18.195 [ INFO] maestro.Maestro.tap-BUbHBYE: Refreshed element
06:59:18.197 [ INFO] maestro.Maestro.hierarchyBasedTap-hbl3e4M: Tapping at (578, 1302) using hierarchy based logic for wait
06:59:19.106 [ INFO] maestro.Maestro.hierarchyBasedTap-hbl3e4M: Something has changed in the UI judging by view hierarchy. Proceed.
06:59:19.106 [ INFO] maestro.cli.runner.MaestroCommandRunner.runCommands$lambda$2: Tap on "New meeting" COMPLETED
06:59:19.106 [ INFO] maestro.cli.runner.MaestroCommandRunner.runCommands$lambda$0: Take screenshot 02-after-new-meeting-tap RUNNING
06:59:19.107 [ INFO] maestro.cli.runner.MaestroCommandRunner.runCommands$lambda$11: Take screenshot 02-after-new-meeting-tap metadata CommandMetadata(numberOfRuns=null, evaluatedCommand=MaestroCommand(takeScreenshotCommand=TakeScreenshotCommand(path=02-after-new-meeting-tap, cropOn=null, label=null, optional=false)), logMessages=[], insight=Insight(message=, level=NONE), aiReasoning=null, labeledCommand=null)
06:59:19.107 [ INFO] maestro.Maestro.takeScreenshot: Taking screenshot
06:59:19.107 [TRACE] maestro.utils.ScreenshotUtils.takeScreenshot: Taking screenshot to output sink
06:59:19.181 [ INFO] maestro.cli.runner.MaestroCommandRunner.runCommands$lambda$2: Take screenshot 02-after-new-meeting-tap COMPLETED
06:59:19.182 [ INFO] maestro.cli.runner.MaestroCommandRunner.runCommands$lambda$0: Run subflows/android-accept-media-permissions.yaml RUNNING
06:59:19.183 [ INFO] maestro.cli.runner.MaestroCommandRunner.runCommands$lambda$11: Run subflows/android-accept-media-permissions.yaml metadata CommandMetadata(numberOfRuns=null, evaluatedCommand=MaestroCommand(runFlowCommand=RunFlowCommand(commands=[MaestroCommand(applyConfigurationCommand=ApplyConfigurationCommand(config=MaestroConfig(appId=ai.q9labs.chalk.mobile, name=null, tags=[], ext={}, onFlowStart=null, onFlowComplete=null, properties={}), label=null, optional=false)), MaestroCommand(runFlowCommand=RunFlowCommand(commands=[MaestroCommand(tapOnElementCommand=TapOnElementCommand(selector=ElementSelector(textRegex=(?i).*(while using the app|allow only while using the app|only this time|allow).*, idRegex=null, size=null, below=null, above=null, leftOf=null, rightOf=null, containsChild=null, containsDescendants=null, traits=null, index=null, enabled=null, optional=false, selected=null, checked=null, focused=null, childOf=null, css=null), retryIfNoChange=false, waitUntilVisible=false, longPress=false, repeat=null, waitToSettleTimeoutMs=null, relativePoint=null, label=null, optional=false))], condition=Condition(platform=null, visible=ElementSelector(textRegex=(?i).*(while using the app|allow only while using the app|only this time|allow).*, idRegex=null, size=null, below=null, above=null, leftOf=null, rightOf=null, containsChild=null, containsDescendants=null, traits=null, index=null, enabled=null, optional=false, selected=null, checked=null, focused=null, childOf=null, css=null), notVisible=null, scriptCondition=null, label=null), sourceDescription=null, config=null, label=null, optional=false)), MaestroCommand(runFlowCommand=RunFlowCommand(commands=[MaestroCommand(tapOnElementCommand=TapOnElementCommand(selector=ElementSelector(textRegex=(?i).*(while using the app|allow only while using the app|only this time|allow).*, idRegex=null, size=null, below=null, above=null, leftOf=null, rightOf=null, containsChild=null, containsDescendants=null, traits=null, index=null, enabled=null, optional=false, selected=null, checked=null, focused=null, childOf=null, css=null), retryIfNoChange=false, waitUntilVisible=false, longPress=false, repeat=null, waitToSettleTimeoutMs=null, relativePoint=null, label=null, optional=false))], condition=Condition(platform=null, visible=ElementSelector(textRegex=(?i).*(while using the app|allow only while using the app|only this time|allow).*, idRegex=null, size=null, below=null, above=null, leftOf=null, rightOf=null, containsChild=null, containsDescendants=null, traits=null, index=null, enabled=null, optional=false, selected=null, checked=null, focused=null, childOf=null, css=null), notVisible=null, scriptCondition=null, label=null), sourceDescription=null, config=null, label=null, optional=false)), MaestroCommand(runFlowCommand=RunFlowCommand(commands=[MaestroCommand(tapOnElementCommand=TapOnElementCommand(selector=ElementSelector(textRegex=(?i).*(while using the app|allow only while using the app|only this time|allow).*, idRegex=null, size=null, below=null, above=null, leftOf=null, rightOf=null, containsChild=null, containsDescendants=null, traits=null, index=null, enabled=null, optional=false, selected=null, checked=null, focused=null, childOf=null, css=null), retryIfNoChange=false, waitUntilVisible=false, longPress=false, repeat=null, waitToSettleTimeoutMs=null, relativePoint=null, label=null, optional=false))], condition=Condition(platform=null, visible=ElementSelector(textRegex=(?i).*(while using the app|allow only while using the app|only this time|allow).*, idRegex=null, size=null, below=null, above=null, leftOf=null, rightOf=null, containsChild=null, containsDescendants=null, traits=null, index=null, enabled=null, optional=false, selected=null, checked=null, focused=null, childOf=null, css=null), notVisible=null, scriptCondition=null, label=null), sourceDescription=null, config=null, label=null, optional=false))], condition=null, sourceDescription=subflows/android-accept-media-permissions.yaml, config=MaestroConfig(appId=ai.q9labs.chalk.mobile, name=null, tags=[], ext={}, onFlowStart=null, onFlowComplete=null, properties={}), label=null, optional=false)), logMessages=[], insight=Insight(message=, level=NONE), aiReasoning=null, labeledCommand=null)
06:59:19.183 [ INFO] maestro.cli.runner.MaestroCommandRunner.runCommands$lambda$0: Apply configuration RUNNING
06:59:19.183 [ INFO] maestro.cli.runner.MaestroCommandRunner.runCommands$lambda$11: Apply configuration metadata CommandMetadata(numberOfRuns=null, evaluatedCommand=MaestroCommand(applyConfigurationCommand=ApplyConfigurationCommand(config=MaestroConfig(appId=ai.q9labs.chalk.mobile, name=null, tags=[], ext={}, onFlowStart=null, onFlowComplete=null, properties={}), label=null, optional=false)), logMessages=[], insight=Insight(message=, level=NONE), aiReasoning=null, labeledCommand=null)
06:59:19.184 [ INFO] maestro.cli.runner.MaestroCommandRunner.runCommands$lambda$2: Apply configuration COMPLETED
06:59:19.184 [ INFO] maestro.cli.runner.MaestroCommandRunner.runCommands$lambda$0: Run flow when "(?i).*(while using the app|allow only while using the app|only this time|allow).*" is visible RUNNING
06:59:19.184 [ INFO] maestro.cli.runner.MaestroCommandRunner.runCommands$lambda$11: Run flow when "(?i).*(while using the app|allow only while using the app|only this time|allow).*" is visible metadata CommandMetadata(numberOfRuns=null, evaluatedCommand=MaestroCommand(runFlowCommand=RunFlowCommand(commands=[MaestroCommand(tapOnElementCommand=TapOnElementCommand(selector=ElementSelector(textRegex=(?i).*(while using the app|allow only while using the app|only this time|allow).*, idRegex=null, size=null, below=null, above=null, leftOf=null, rightOf=null, containsChild=null, containsDescendants=null, traits=null, index=null, enabled=null, optional=false, selected=null, checked=null, focused=null, childOf=null, css=null), retryIfNoChange=false, waitUntilVisible=false, longPress=false, repeat=null, waitToSettleTimeoutMs=null, relativePoint=null, label=null, optional=false))], condition=Condition(platform=null, visible=ElementSelector(textRegex=(?i).*(while using the app|allow only while using the app|only this time|allow).*, idRegex=null, size=null, below=null, above=null, leftOf=null, rightOf=null, containsChild=null, containsDescendants=null, traits=null, index=null, enabled=null, optional=false, selected=null, checked=null, focused=null, childOf=null, css=null), notVisible=null, scriptCondition=null, label=null), sourceDescription=null, config=null, label=null, optional=false)), logMessages=[], insight=Insight(message=, level=NONE), aiReasoning=null, labeledCommand=null)
06:59:19.239 [ INFO] maestro.cli.runner.MaestroCommandRunner.runCommands$lambda$0: Tap on "(?i).*(while using the app|allow only while using the app|only this time|allow).*" RUNNING
06:59:19.239 [ INFO] maestro.cli.runner.MaestroCommandRunner.runCommands$lambda$11: Tap on "(?i).*(while using the app|allow only while using the app|only this time|allow).*" metadata CommandMetadata(numberOfRuns=null, evaluatedCommand=MaestroCommand(tapOnElementCommand=TapOnElementCommand(selector=ElementSelector(textRegex=(?i).*(while using the app|allow only while using the app|only this time|allow).*, idRegex=null, size=null, below=null, above=null, leftOf=null, rightOf=null, containsChild=null, containsDescendants=null, traits=null, index=null, enabled=null, optional=false, selected=null, checked=null, focused=null, childOf=null, css=null), retryIfNoChange=false, waitUntilVisible=false, longPress=false, repeat=null, waitToSettleTimeoutMs=null, relativePoint=null, label=null, optional=false)), logMessages=[], insight=Insight(message=, level=NONE), aiReasoning=null, labeledCommand=null)
06:59:19.336 [ INFO] maestro.Maestro.tap-BUbHBYE: Tapping on element:  UiElement(treeNode=TreeNode(attributes={text=While using the app, accessibilityText=, hintText=, ignoreBoundsFiltering=false, resource-id=com.android.permissioncontroller:id/permission_allow_foreground_only_button, clickable=true, bounds=[133,1176][947,1281], enabled=true, focused=false, checked=false, scrollable=false, selected=false, class=android.widget.Button, important-for-accessibility=true, error=}, children=[], clickable=true, enabled=true, focused=false, checked=false, selected=false), bounds=Bounds(x=133, y=1176, width=814, height=105))
06:59:20.148 [ INFO] maestro.Maestro.tap-BUbHBYE: Refreshed element
06:59:20.148 [ INFO] maestro.Maestro.hierarchyBasedTap-hbl3e4M: Tapping at (540, 1228) using hierarchy based logic for wait
06:59:21.834 [ INFO] maestro.Maestro.hierarchyBasedTap-hbl3e4M: Something has changed in the UI judging by view hierarchy. Proceed.
06:59:21.834 [ INFO] maestro.cli.runner.MaestroCommandRunner.runCommands$lambda$2: Tap on "(?i).*(while using the app|allow only while using the app|only this time|allow).*" COMPLETED
06:59:21.834 [ INFO] maestro.cli.runner.MaestroCommandRunner.runCommands$lambda$2: Run flow when "(?i).*(while using the app|allow only while using the app|only this time|allow).*" is visible COMPLETED
06:59:21.834 [ INFO] maestro.cli.runner.MaestroCommandRunner.runCommands$lambda$0: Run flow when "(?i).*(while using the app|allow only while using the app|only this time|allow).*" is visible RUNNING
06:59:21.835 [ INFO] maestro.cli.runner.MaestroCommandRunner.runCommands$lambda$11: Run flow when "(?i).*(while using the app|allow only while using the app|only this time|allow).*" is visible metadata CommandMetadata(numberOfRuns=null, evaluatedCommand=MaestroCommand(runFlowCommand=RunFlowCommand(commands=[MaestroCommand(tapOnElementCommand=TapOnElementCommand(selector=ElementSelector(textRegex=(?i).*(while using the app|allow only while using the app|only this time|allow).*, idRegex=null, size=null, below=null, above=null, leftOf=null, rightOf=null, containsChild=null, containsDescendants=null, traits=null, index=null, enabled=null, optional=false, selected=null, checked=null, focused=null, childOf=null, css=null), retryIfNoChange=false, waitUntilVisible=false, longPress=false, repeat=null, waitToSettleTimeoutMs=null, relativePoint=null, label=null, optional=false))], condition=Condition(platform=null, visible=ElementSelector(textRegex=(?i).*(while using the app|allow only while using the app|only this time|allow).*, idRegex=null, size=null, below=null, above=null, leftOf=null, rightOf=null, containsChild=null, containsDescendants=null, traits=null, index=null, enabled=null, optional=false, selected=null, checked=null, focused=null, childOf=null, css=null), notVisible=null, scriptCondition=null, label=null), sourceDescription=null, config=null, label=null, optional=false)), logMessages=[], insight=Insight(message=, level=NONE), aiReasoning=null, labeledCommand=null)
06:59:28.903 [ INFO] maestro.orchestra.Orchestra.executeSubflowCommands: [Command execution subflow] CommandSkipped: null
06:59:28.904 [ INFO] maestro.cli.runner.MaestroCommandRunner.runCommands$lambda$8: Run flow when "(?i).*(while using the app|allow only while using the app|only this time|allow).*" is visible SKIPPED
06:59:28.904 [ INFO] maestro.cli.runner.MaestroCommandRunner.runCommands$lambda$0: Run flow when "(?i).*(while using the app|allow only while using the app|only this time|allow).*" is visible RUNNING
06:59:28.905 [ INFO] maestro.cli.runner.MaestroCommandRunner.runCommands$lambda$11: Run flow when "(?i).*(while using the app|allow only while using the app|only this time|allow).*" is visible metadata CommandMetadata(numberOfRuns=null, evaluatedCommand=MaestroCommand(runFlowCommand=RunFlowCommand(commands=[MaestroCommand(tapOnElementCommand=TapOnElementCommand(selector=ElementSelector(textRegex=(?i).*(while using the app|allow only while using the app|only this time|allow).*, idRegex=null, size=null, below=null, above=null, leftOf=null, rightOf=null, containsChild=null, containsDescendants=null, traits=null, index=null, enabled=null, optional=false, selected=null, checked=null, focused=null, childOf=null, css=null), retryIfNoChange=false, waitUntilVisible=false, longPress=false, repeat=null, waitToSettleTimeoutMs=null, relativePoint=null, label=null, optional=false))], condition=Condition(platform=null, visible=ElementSelector(textRegex=(?i).*(while using the app|allow only while using the app|only this time|allow).*, idRegex=null, size=null, below=null, above=null, leftOf=null, rightOf=null, containsChild=null, containsDescendants=null, traits=null, index=null, enabled=null, optional=false, selected=null, checked=null, focused=null, childOf=null, css=null), notVisible=null, scriptCondition=null, label=null), sourceDescription=null, config=null, label=null, optional=false)), logMessages=[], insight=Insight(message=, level=NONE), aiReasoning=null, labeledCommand=null)
06:59:28.944 [ INFO] maestro.orchestra.Orchestra.executeSubflowCommands: [Command execution subflow] CommandSkipped: null
06:59:28.945 [ INFO] maestro.cli.runner.MaestroCommandRunner.runCommands$lambda$8: Run flow when "(?i).*(while using the app|allow only while using the app|only this time|allow).*" is visible SKIPPED
06:59:28.945 [ INFO] maestro.cli.runner.MaestroCommandRunner.runCommands$lambda$2: Run subflows/android-accept-media-permissions.yaml COMPLETED
06:59:28.946 [ INFO] maestro.cli.runner.MaestroCommandRunner.runCommands$lambda$0: Take screenshot 03-after-permission-handled RUNNING
06:59:28.946 [ INFO] maestro.cli.runner.MaestroCommandRunner.runCommands$lambda$11: Take screenshot 03-after-permission-handled metadata CommandMetadata(numberOfRuns=null, evaluatedCommand=MaestroCommand(takeScreenshotCommand=TakeScreenshotCommand(path=03-after-permission-handled, cropOn=null, label=null, optional=false)), logMessages=[], insight=Insight(message=, level=NONE), aiReasoning=null, labeledCommand=null)
06:59:28.946 [ INFO] maestro.Maestro.takeScreenshot: Taking screenshot
06:59:28.946 [TRACE] maestro.utils.ScreenshotUtils.takeScreenshot: Taking screenshot to output sink
06:59:29.028 [ INFO] maestro.cli.runner.MaestroCommandRunner.runCommands$lambda$2: Take screenshot 03-after-permission-handled COMPLETED
06:59:29.029 [ INFO] maestro.cli.runner.MaestroCommandRunner.runCommands$lambda$0: Assert that "Display Name" is visible RUNNING
06:59:29.029 [ INFO] maestro.cli.runner.MaestroCommandRunner.runCommands$lambda$11: Assert that "Display Name" is visible metadata CommandMetadata(numberOfRuns=null, evaluatedCommand=MaestroCommand(assertConditionCommand=AssertConditionCommand(condition=Condition(platform=null, visible=ElementSelector(textRegex=Display Name, idRegex=null, size=null, below=null, above=null, leftOf=null, rightOf=null, containsChild=null, containsDescendants=null, traits=null, index=null, enabled=null, optional=false, selected=null, checked=null, focused=null, childOf=null, css=null), notVisible=null, scriptCondition=null, label=null), timeout=20000, label=null, optional=false)), logMessages=[], insight=Insight(message=, level=NONE), aiReasoning=null, labeledCommand=null)
06:59:29.098 [ INFO] maestro.cli.runner.MaestroCommandRunner.runCommands$lambda$2: Assert that "Display Name" is visible COMPLETED
06:59:29.099 [ INFO] maestro.cli.runner.MaestroCommandRunner.runCommands$lambda$0: Assert that "Join Meeting" is visible RUNNING
06:59:29.099 [ INFO] maestro.cli.runner.MaestroCommandRunner.runCommands$lambda$11: Assert that "Join Meeting" is visible metadata CommandMetadata(numberOfRuns=null, evaluatedCommand=MaestroCommand(assertConditionCommand=AssertConditionCommand(condition=Condition(platform=null, visible=ElementSelector(textRegex=Join Meeting, idRegex=null, size=null, below=null, above=null, leftOf=null, rightOf=null, containsChild=null, containsDescendants=null, traits=null, index=null, enabled=null, optional=false, selected=null, checked=null, focused=null, childOf=null, css=null), notVisible=null, scriptCondition=null, label=null), timeout=null, label=null, optional=false)), logMessages=[], insight=Insight(message=, level=NONE), aiReasoning=null, labeledCommand=null)
06:59:29.152 [ INFO] maestro.cli.runner.MaestroCommandRunner.runCommands$lambda$2: Assert that "Join Meeting" is visible COMPLETED
06:59:29.153 [ INFO] maestro.cli.runner.MaestroCommandRunner.runCommands$lambda$0: Take screenshot 04-lobby-visible RUNNING
06:59:29.153 [ INFO] maestro.cli.runner.MaestroCommandRunner.runCommands$lambda$11: Take screenshot 04-lobby-visible metadata CommandMetadata(numberOfRuns=null, evaluatedCommand=MaestroCommand(takeScreenshotCommand=TakeScreenshotCommand(path=04-lobby-visible, cropOn=null, label=null, optional=false)), logMessages=[], insight=Insight(message=, level=NONE), aiReasoning=null, labeledCommand=null)
06:59:29.153 [ INFO] maestro.Maestro.takeScreenshot: Taking screenshot
06:59:29.153 [TRACE] maestro.utils.ScreenshotUtils.takeScreenshot: Taking screenshot to output sink
06:59:29.236 [ INFO] maestro.cli.runner.MaestroCommandRunner.runCommands$lambda$2: Take screenshot 04-lobby-visible COMPLETED
06:59:29.237 [ INFO] maestro.cli.runner.MaestroCommandRunner.runCommands$lambda$0: Tap on "Join Meeting" RUNNING
06:59:29.237 [ INFO] maestro.cli.runner.MaestroCommandRunner.runCommands$lambda$11: Tap on "Join Meeting" metadata CommandMetadata(numberOfRuns=null, evaluatedCommand=MaestroCommand(tapOnElementCommand=TapOnElementCommand(selector=ElementSelector(textRegex=Join Meeting, idRegex=null, size=null, below=null, above=null, leftOf=null, rightOf=null, containsChild=null, containsDescendants=null, traits=null, index=null, enabled=null, optional=false, selected=null, checked=null, focused=null, childOf=null, css=null), retryIfNoChange=false, waitUntilVisible=false, longPress=false, repeat=null, waitToSettleTimeoutMs=null, relativePoint=null, label=null, optional=false)), logMessages=[], insight=Insight(message=, level=NONE), aiReasoning=null, labeledCommand=null)
06:59:29.290 [ INFO] maestro.Maestro.tap-BUbHBYE: Tapping on element:  UiElement(treeNode=TreeNode(attributes={text=Join Meeting, accessibilityText=, hintText=, ignoreBoundsFiltering=false, resource-id=, clickable=false, bounds=[398,2069][682,2134], enabled=true, focused=false, checked=false, scrollable=false, selected=false, class=android.widget.TextView, important-for-accessibility=true, error=}, children=[], clickable=false, enabled=true, focused=false, checked=false, selected=false), bounds=Bounds(x=398, y=2069, width=284, height=65))
06:59:30.374 [ INFO] maestro.Maestro.tap-BUbHBYE: Refreshed element
06:59:30.375 [ INFO] maestro.Maestro.hierarchyBasedTap-hbl3e4M: Tapping at (540, 2101) using hierarchy based logic for wait
06:59:38.643 [ INFO] maestro.Maestro.hierarchyBasedTap-hbl3e4M: Something has changed in the UI judging by view hierarchy. Proceed.
06:59:38.645 [ INFO] maestro.cli.runner.MaestroCommandRunner.runCommands$lambda$2: Tap on "Join Meeting" COMPLETED
06:59:38.645 [ INFO] maestro.cli.runner.MaestroCommandRunner.runCommands$lambda$0: Take screenshot 05-after-join-meeting-tap RUNNING
06:59:38.645 [ INFO] maestro.cli.runner.MaestroCommandRunner.runCommands$lambda$11: Take screenshot 05-after-join-meeting-tap metadata CommandMetadata(numberOfRuns=null, evaluatedCommand=MaestroCommand(takeScreenshotCommand=TakeScreenshotCommand(path=05-after-join-meeting-tap, cropOn=null, label=null, optional=false)), logMessages=[], insight=Insight(message=, level=NONE), aiReasoning=null, labeledCommand=null)
06:59:38.646 [ INFO] maestro.Maestro.takeScreenshot: Taking screenshot
06:59:38.646 [TRACE] maestro.utils.ScreenshotUtils.takeScreenshot: Taking screenshot to output sink
06:59:38.735 [ INFO] maestro.cli.runner.MaestroCommandRunner.runCommands$lambda$2: Take screenshot 05-after-join-meeting-tap COMPLETED
06:59:38.735 [ INFO] maestro.cli.runner.MaestroCommandRunner.runCommands$lambda$0: Assert that "(?i)(Joining .+|Already connected to a room)" is visible RUNNING
06:59:38.735 [ INFO] maestro.cli.runner.MaestroCommandRunner.runCommands$lambda$11: Assert that "(?i)(Joining .+|Already connected to a room)" is visible metadata CommandMetadata(numberOfRuns=null, evaluatedCommand=MaestroCommand(assertConditionCommand=AssertConditionCommand(condition=Condition(platform=null, visible=ElementSelector(textRegex=(?i)(Joining .+|Already connected to a room), idRegex=null, size=null, below=null, above=null, leftOf=null, rightOf=null, containsChild=null, containsDescendants=null, traits=null, index=null, enabled=null, optional=false, selected=null, checked=null, focused=null, childOf=null, css=null), notVisible=null, scriptCondition=null, label=null), timeout=20000, label=null, optional=false)), logMessages=[], insight=Insight(message=, level=NONE), aiReasoning=null, labeledCommand=null)
06:59:47.729 [ INFO] maestro.cli.runner.MaestroCommandRunner.runCommands$lambda$2: Assert that "(?i)(Joining .+|Already connected to a room)" is visible COMPLETED
06:59:47.730 [ INFO] maestro.cli.runner.MaestroCommandRunner.runCommands$lambda$0: Wait for animation to end RUNNING
06:59:47.730 [ INFO] maestro.cli.runner.MaestroCommandRunner.runCommands$lambda$11: Wait for animation to end metadata CommandMetadata(numberOfRuns=null, evaluatedCommand=MaestroCommand(waitForAnimationToEndCommand=WaitForAnimationToEndCommand(timeout=8000, label=null, optional=false)), logMessages=[], insight=Insight(message=, level=NONE), aiReasoning=null, labeledCommand=null)
06:59:47.731 [ INFO] maestro.Maestro.waitForAnimationToEnd: Waiting for animation to end with timeout 8000
06:59:47.731 [TRACE] maestro.utils.ScreenshotUtils.takeScreenshot: Taking screenshot to byte array
06:59:47.731 [TRACE] maestro.utils.ScreenshotUtils.takeScreenshot: Taking screenshot to output sink
06:59:47.871 [TRACE] maestro.utils.ScreenshotUtils.takeScreenshot: Taking screenshot to byte array
06:59:47.871 [TRACE] maestro.utils.ScreenshotUtils.takeScreenshot: Taking screenshot to output sink
06:59:48.534 [TRACE] maestro.utils.ScreenshotUtils.takeScreenshot: Taking screenshot to byte array
06:59:48.534 [TRACE] maestro.utils.ScreenshotUtils.takeScreenshot: Taking screenshot to output sink
06:59:48.614 [TRACE] maestro.utils.ScreenshotUtils.takeScreenshot: Taking screenshot to byte array
06:59:48.614 [TRACE] maestro.utils.ScreenshotUtils.takeScreenshot: Taking screenshot to output sink
06:59:49.014 [TRACE] maestro.utils.ScreenshotUtils.takeScreenshot: Taking screenshot to byte array
06:59:49.014 [TRACE] maestro.utils.ScreenshotUtils.takeScreenshot: Taking screenshot to output sink
06:59:49.096 [TRACE] maestro.utils.ScreenshotUtils.takeScreenshot: Taking screenshot to byte array
06:59:49.096 [TRACE] maestro.utils.ScreenshotUtils.takeScreenshot: Taking screenshot to output sink
06:59:49.429 [TRACE] maestro.utils.ScreenshotUtils.takeScreenshot: Taking screenshot to byte array
06:59:49.430 [TRACE] maestro.utils.ScreenshotUtils.takeScreenshot: Taking screenshot to output sink
06:59:49.510 [TRACE] maestro.utils.ScreenshotUtils.takeScreenshot: Taking screenshot to byte array
06:59:49.511 [TRACE] maestro.utils.ScreenshotUtils.takeScreenshot: Taking screenshot to output sink
06:59:49.831 [TRACE] maestro.utils.ScreenshotUtils.takeScreenshot: Taking screenshot to byte array
06:59:49.831 [TRACE] maestro.utils.ScreenshotUtils.takeScreenshot: Taking screenshot to output sink
06:59:49.910 [TRACE] maestro.utils.ScreenshotUtils.takeScreenshot: Taking screenshot to byte array
06:59:49.910 [TRACE] maestro.utils.ScreenshotUtils.takeScreenshot: Taking screenshot to output sink
06:59:50.234 [TRACE] maestro.utils.ScreenshotUtils.takeScreenshot: Taking screenshot to byte array
06:59:50.235 [TRACE] maestro.utils.ScreenshotUtils.takeScreenshot: Taking screenshot to output sink
06:59:50.328 [TRACE] maestro.utils.ScreenshotUtils.takeScreenshot: Taking screenshot to byte array
06:59:50.328 [TRACE] maestro.utils.ScreenshotUtils.takeScreenshot: Taking screenshot to output sink
06:59:50.659 [TRACE] maestro.utils.ScreenshotUtils.takeScreenshot: Taking screenshot to byte array
06:59:50.659 [TRACE] maestro.utils.ScreenshotUtils.takeScreenshot: Taking screenshot to output sink
06:59:50.741 [TRACE] maestro.utils.ScreenshotUtils.takeScreenshot: Taking screenshot to byte array
06:59:50.741 [TRACE] maestro.utils.ScreenshotUtils.takeScreenshot: Taking screenshot to output sink
06:59:51.039 [TRACE] maestro.utils.ScreenshotUtils.takeScreenshot: Taking screenshot to byte array
06:59:51.039 [TRACE] maestro.utils.ScreenshotUtils.takeScreenshot: Taking screenshot to output sink
06:59:51.116 [TRACE] maestro.utils.ScreenshotUtils.takeScreenshot: Taking screenshot to byte array
06:59:51.116 [TRACE] maestro.utils.ScreenshotUtils.takeScreenshot: Taking screenshot to output sink
06:59:51.415 [TRACE] maestro.utils.ScreenshotUtils.takeScreenshot: Taking screenshot to byte array
06:59:51.415 [TRACE] maestro.utils.ScreenshotUtils.takeScreenshot: Taking screenshot to output sink
06:59:51.495 [TRACE] maestro.utils.ScreenshotUtils.takeScreenshot: Taking screenshot to byte array
06:59:51.495 [TRACE] maestro.utils.ScreenshotUtils.takeScreenshot: Taking screenshot to output sink
06:59:51.800 [TRACE] maestro.utils.ScreenshotUtils.takeScreenshot: Taking screenshot to byte array
06:59:51.800 [TRACE] maestro.utils.ScreenshotUtils.takeScreenshot: Taking screenshot to output sink
06:59:51.877 [TRACE] maestro.utils.ScreenshotUtils.takeScreenshot: Taking screenshot to byte array
06:59:51.877 [TRACE] maestro.utils.ScreenshotUtils.takeScreenshot: Taking screenshot to output sink
06:59:52.180 [TRACE] maestro.utils.ScreenshotUtils.takeScreenshot: Taking screenshot to byte array
06:59:52.180 [TRACE] maestro.utils.ScreenshotUtils.takeScreenshot: Taking screenshot to output sink
06:59:52.257 [TRACE] maestro.utils.ScreenshotUtils.takeScreenshot: Taking screenshot to byte array
06:59:52.257 [TRACE] maestro.utils.ScreenshotUtils.takeScreenshot: Taking screenshot to output sink
06:59:52.552 [TRACE] maestro.utils.ScreenshotUtils.takeScreenshot: Taking screenshot to byte array
06:59:52.552 [TRACE] maestro.utils.ScreenshotUtils.takeScreenshot: Taking screenshot to output sink
06:59:52.629 [TRACE] maestro.utils.ScreenshotUtils.takeScreenshot: Taking screenshot to byte array
06:59:52.629 [TRACE] maestro.utils.ScreenshotUtils.takeScreenshot: Taking screenshot to output sink
06:59:52.938 [TRACE] maestro.utils.ScreenshotUtils.takeScreenshot: Taking screenshot to byte array
06:59:52.938 [TRACE] maestro.utils.ScreenshotUtils.takeScreenshot: Taking screenshot to output sink
06:59:53.015 [TRACE] maestro.utils.ScreenshotUtils.takeScreenshot: Taking screenshot to byte array
06:59:53.015 [TRACE] maestro.utils.ScreenshotUtils.takeScreenshot: Taking screenshot to output sink
06:59:53.318 [TRACE] maestro.utils.ScreenshotUtils.takeScreenshot: Taking screenshot to byte array
06:59:53.318 [TRACE] maestro.utils.ScreenshotUtils.takeScreenshot: Taking screenshot to output sink
06:59:53.395 [TRACE] maestro.utils.ScreenshotUtils.takeScreenshot: Taking screenshot to byte array
06:59:53.395 [TRACE] maestro.utils.ScreenshotUtils.takeScreenshot: Taking screenshot to output sink
06:59:53.700 [TRACE] maestro.utils.ScreenshotUtils.takeScreenshot: Taking screenshot to byte array
06:59:53.700 [TRACE] maestro.utils.ScreenshotUtils.takeScreenshot: Taking screenshot to output sink
06:59:53.775 [TRACE] maestro.utils.ScreenshotUtils.takeScreenshot: Taking screenshot to byte array
06:59:53.776 [TRACE] maestro.utils.ScreenshotUtils.takeScreenshot: Taking screenshot to output sink
06:59:54.070 [TRACE] maestro.utils.ScreenshotUtils.takeScreenshot: Taking screenshot to byte array
06:59:54.070 [TRACE] maestro.utils.ScreenshotUtils.takeScreenshot: Taking screenshot to output sink
06:59:54.146 [TRACE] maestro.utils.ScreenshotUtils.takeScreenshot: Taking screenshot to byte array
06:59:54.146 [TRACE] maestro.utils.ScreenshotUtils.takeScreenshot: Taking screenshot to output sink
06:59:54.448 [TRACE] maestro.utils.ScreenshotUtils.takeScreenshot: Taking screenshot to byte array
06:59:54.448 [TRACE] maestro.utils.ScreenshotUtils.takeScreenshot: Taking screenshot to output sink
06:59:54.527 [TRACE] maestro.utils.ScreenshotUtils.takeScreenshot: Taking screenshot to byte array
06:59:54.528 [TRACE] maestro.utils.ScreenshotUtils.takeScreenshot: Taking screenshot to output sink
06:59:54.828 [TRACE] maestro.utils.ScreenshotUtils.takeScreenshot: Taking screenshot to byte array
06:59:54.828 [TRACE] maestro.utils.ScreenshotUtils.takeScreenshot: Taking screenshot to output sink
06:59:54.905 [TRACE] maestro.utils.ScreenshotUtils.takeScreenshot: Taking screenshot to byte array
06:59:54.905 [TRACE] maestro.utils.ScreenshotUtils.takeScreenshot: Taking screenshot to output sink
06:59:55.205 [TRACE] maestro.utils.ScreenshotUtils.takeScreenshot: Taking screenshot to byte array
06:59:55.205 [TRACE] maestro.utils.ScreenshotUtils.takeScreenshot: Taking screenshot to output sink
06:59:55.282 [TRACE] maestro.utils.ScreenshotUtils.takeScreenshot: Taking screenshot to byte array
06:59:55.282 [TRACE] maestro.utils.ScreenshotUtils.takeScreenshot: Taking screenshot to output sink
06:59:55.586 [TRACE] maestro.utils.ScreenshotUtils.takeScreenshot: Taking screenshot to byte array
06:59:55.586 [TRACE] maestro.utils.ScreenshotUtils.takeScreenshot: Taking screenshot to output sink
06:59:55.665 [TRACE] maestro.utils.ScreenshotUtils.takeScreenshot: Taking screenshot to byte array
06:59:55.665 [TRACE] maestro.utils.ScreenshotUtils.takeScreenshot: Taking screenshot to output sink
06:59:55.977 [ INFO] maestro.cli.runner.MaestroCommandRunner.runCommands$lambda$2: Wait for animation to end COMPLETED
06:59:55.978 [ INFO] maestro.cli.runner.MaestroCommandRunner.runCommands$lambda$0: Take screenshot 06-post-join-state RUNNING
06:59:55.978 [ INFO] maestro.cli.runner.MaestroCommandRunner.runCommands$lambda$11: Take screenshot 06-post-join-state metadata CommandMetadata(numberOfRuns=null, evaluatedCommand=MaestroCommand(takeScreenshotCommand=TakeScreenshotCommand(path=06-post-join-state, cropOn=null, label=null, optional=false)), logMessages=[], insight=Insight(message=, level=NONE), aiReasoning=null, labeledCommand=null)
06:59:55.978 [ INFO] maestro.Maestro.takeScreenshot: Taking screenshot
06:59:55.978 [TRACE] maestro.utils.ScreenshotUtils.takeScreenshot: Taking screenshot to output sink
06:59:56.047 [ INFO] maestro.cli.runner.MaestroCommandRunner.runCommands$lambda$2: Take screenshot 06-post-join-state COMPLETED
07:00:09.320 [ INFO] maestro.cli.report.TestDebugReporter.logSystemInfo: Debug output path: /Users/macmini/Desktop/Code/chalk/.maestro/debug/mobile-new-meeting
07:00:09.321 [ INFO] MAESTRO.logSystemInfo: ---- System Info ----
07:00:09.322 [ INFO] MAESTRO.logSystemInfo: Maestro Version: 2.3.0
07:00:09.322 [ INFO] MAESTRO.logSystemInfo: CI: Undefined
07:00:09.322 [ INFO] MAESTRO.logSystemInfo: OS Name: Mac OS X
07:00:09.322 [ INFO] MAESTRO.logSystemInfo: OS Version: 26.2
07:00:09.322 [ INFO] MAESTRO.logSystemInfo: Architecture: aarch64
07:00:09.323 [ INFO] MAESTRO.logSystemInfo: Java Version: 17
07:00:09.362 [ INFO] MAESTRO.logSystemInfo: Xcode Version: 26.3
07:00:09.364 [ INFO] MAESTRO.logSystemInfo: Flutter Version: Undefined
07:00:09.366 [ INFO] MAESTRO.logSystemInfo: Flutter Channel: Undefined
07:00:09.366 [ INFO] MAESTRO.logSystemInfo: ---------------------
07:00:09.812 [DEBUG] io.micrometer.common.util.internal.logging.InternalLoggerFactory.newDefaultFactory: Using SLF4J as the default logging framework
07:00:09.900 [ INFO] maestro.cli.command.TestCommand.runShardSuite: [shard 1] Selected device emulator-5554 using port 7001 with execution plan ExecutionPlan(flowsToRun=[/Users/macmini/Desktop/Code/chalk/.maestro/mobile-new-meeting-flow.yaml], sequence=FlowSequence(flows=[], continueOnFailure=true), workspaceConfig=WorkspaceConfig(flows=null, includeTags=null, excludeTags=null, executionOrder=null, baselineBranch=null, notifications=null, disableRetries=false, platform=PlatformConfiguration(android=AndroidConfiguration(disableAnimations=false), ios=IOSConfiguration(disableAnimations=false, snapshotKeyHonorModalViews=null)), testOutputDir=null))
07:00:10.113 [ INFO] maestro.cli.runner.TestRunner.runSingle$lambda$0: Running flow mobile-new-meeting-flow.yaml...
07:00:10.119 [ INFO] maestro.Maestro.cachedDeviceInfo_delegate$lambda$0: Getting device info
07:00:10.239 [ INFO] maestro.Maestro.cachedDeviceInfo_delegate$lambda$0: Got device info: DeviceInfo(platform=ANDROID, widthPixels=1080, heightPixels=2400, widthGrid=1080, heightGrid=2400)
07:00:10.265 [ INFO] maestro.cli.runner.MaestroCommandRunner.runCommands$lambda$0: Define variables RUNNING
07:00:10.268 [ INFO] maestro.cli.runner.MaestroCommandRunner.runCommands$lambda$11: Define variables metadata CommandMetadata(numberOfRuns=null, evaluatedCommand=MaestroCommand(defineVariablesCommand=DefineVariablesCommand(env={MAESTRO_FILENAME=mobile-new-meeting-flow, MAESTRO_DEVICE_UDID=emulator-5554, MAESTRO_SHARD_ID=1, MAESTRO_SHARD_INDEX=0}, label=null, optional=false)), logMessages=[], insight=Insight(message=, level=NONE), aiReasoning=null, labeledCommand=null)
07:00:10.268 [ INFO] maestro.cli.runner.MaestroCommandRunner.runCommands$lambda$2: Define variables COMPLETED
07:00:10.268 [ INFO] maestro.cli.runner.MaestroCommandRunner.runCommands$lambda$0: Apply configuration RUNNING
07:00:10.269 [ INFO] maestro.cli.runner.MaestroCommandRunner.runCommands$lambda$11: Apply configuration metadata CommandMetadata(numberOfRuns=null, evaluatedCommand=MaestroCommand(applyConfigurationCommand=ApplyConfigurationCommand(config=MaestroConfig(appId=ai.q9labs.chalk.mobile, name=Chalk mobile new meeting flow, tags=[android, mobile, smoke], ext={}, onFlowStart=null, onFlowComplete=null, properties={}), label=null, optional=false)), logMessages=[], insight=Insight(message=, level=NONE), aiReasoning=null, labeledCommand=null)
07:00:10.269 [ INFO] maestro.cli.runner.MaestroCommandRunner.runCommands$lambda$2: Apply configuration COMPLETED
07:00:10.270 [ INFO] maestro.cli.runner.MaestroCommandRunner.runCommands$lambda$0: Launch app "ai.q9labs.chalk.mobile" with clear state RUNNING
07:00:10.271 [ INFO] maestro.cli.runner.MaestroCommandRunner.runCommands$lambda$11: Launch app "ai.q9labs.chalk.mobile" with clear state metadata CommandMetadata(numberOfRuns=null, evaluatedCommand=MaestroCommand(launchAppCommand=LaunchAppCommand(appId=ai.q9labs.chalk.mobile, clearState=true, clearKeychain=null, stopApp=true, permissions={camera=unset, microphone=unset}, launchArguments=null, label=null, optional=false)), logMessages=[], insight=Insight(message=, level=NONE), aiReasoning=null, labeledCommand=null)
07:00:10.271 [ INFO] maestro.Maestro.clearAppState: Clearing app state ai.q9labs.chalk.mobile
07:00:10.550 [ INFO] maestro.Maestro.launchApp: Launching app ai.q9labs.chalk.mobile
07:00:10.550 [ INFO] maestro.Maestro.launchApp: Stopping ai.q9labs.chalk.mobile app during launch
07:00:15.594 [ERROR] maestro.orchestra.Orchestra.launchAppCommand: Failed to launch app
java.util.concurrent.TimeoutException
	at dadb.forwarding.TcpForwarder.waitFor(TcpForwarder.kt:153)
	at dadb.forwarding.TcpForwarder.start(TcpForwarder.kt:49)
	at dadb.Dadb$DefaultImpls.tcpForward(Dadb.kt:244)
	at dadb.adbserver.AdbServerDadb.tcpForward(AdbServer.kt:122)
	at maestro.drivers.AndroidDriver.allocateForwarder(AndroidDriver.kt:152)
	at maestro.drivers.AndroidDriver.open(AndroidDriver.kt:101)
	at maestro.drivers.AndroidDriver.launchApp$lambda$7(AndroidDriver.kt:230)
	at maestro.utils.Metrics.measured(Metrics.kt:48)
	at maestro.drivers.AndroidDriver.launchApp(AndroidDriver.kt:228)
	at maestro.Maestro.launchApp(Maestro.kt:70)
	at maestro.orchestra.Orchestra.launchAppCommand(Orchestra.kt:1141)
	at maestro.orchestra.Orchestra.executeCommand(Orchestra.kt:356)
	at maestro.orchestra.Orchestra.executeCommands(Orchestra.kt:263)
	at maestro.orchestra.Orchestra.runFlow(Orchestra.kt:181)
	at maestro.cli.runner.MaestroCommandRunner.runCommands(MaestroCommandRunner.kt:201)
	at maestro.cli.runner.TestRunner$runSingle$result$1$1.invokeSuspend(TestRunner.kt:76)
	at kotlin.coroutines.jvm.internal.BaseContinuationImpl.resumeWith(ContinuationImpl.kt:34)
	at kotlinx.coroutines.DispatchedTask.run(DispatchedTask.kt:104)
	at kotlinx.coroutines.EventLoopImplBase.processNextEvent(EventLoop.common.kt:277)
	at kotlinx.coroutines.BlockingCoroutine.joinBlocking(Builders.kt:95)
	at kotlinx.coroutines.BuildersKt__BuildersKt.runBlocking(Builders.kt:69)
	at kotlinx.coroutines.BuildersKt.runBlocking(Unknown Source)
	at kotlinx.coroutines.BuildersKt__BuildersKt.runBlocking$default(Builders.kt:48)
	at kotlinx.coroutines.BuildersKt.runBlocking$default(Unknown Source)
	at maestro.cli.runner.TestRunner.runSingle$lambda$0(TestRunner.kt:75)
	at maestro.cli.runner.TestRunner.runCatching-ta8aW1Q(TestRunner.kt:204)
	at maestro.cli.runner.TestRunner.runSingle(TestRunner.kt:66)
	at maestro.cli.command.TestCommand.runSingleFlow(TestCommand.kt:561)
	at maestro.cli.command.TestCommand.runShardSuite$lambda$10(TestCommand.kt:529)
	at maestro.cli.session.MaestroSessionManager.newSession(MaestroSessionManager.kt:132)
	at maestro.cli.session.MaestroSessionManager.newSession$default(MaestroSessionManager.kt:66)
	at maestro.cli.command.TestCommand.runShardSuite(TestCommand.kt:476)
	at maestro.cli.command.TestCommand.access$runShardSuite(TestCommand.kt:80)
	at maestro.cli.command.TestCommand$handleSessions$1$results$1$1.invokeSuspend(TestCommand.kt:435)
	at kotlin.coroutines.jvm.internal.BaseContinuationImpl.resumeWith(ContinuationImpl.kt:34)
	at kotlinx.coroutines.DispatchedTask.run(DispatchedTask.kt:104)
	at kotlinx.coroutines.internal.LimitedDispatcher$Worker.run(LimitedDispatcher.kt:111)
	at kotlinx.coroutines.scheduling.TaskImpl.run(Tasks.kt:99)
	at kotlinx.coroutines.scheduling.CoroutineScheduler.runSafely(CoroutineScheduler.kt:585)
	at kotlinx.coroutines.scheduling.CoroutineScheduler$Worker.executeTask(CoroutineScheduler.kt:802)
	at kotlinx.coroutines.scheduling.CoroutineScheduler$Worker.runWorker(CoroutineScheduler.kt:706)
	at kotlinx.coroutines.scheduling.CoroutineScheduler$Worker.run(CoroutineScheduler.kt:693)
07:00:15.596 [ERROR] maestro.orchestra.Orchestra.executeCommands: [Command execution] CommandFailed: Unable to launch app ai.q9labs.chalk.mobile
07:00:15.601 [ INFO] maestro.Maestro.takeScreenshot: Taking screenshot
07:00:15.603 [TRACE] maestro.utils.ScreenshotUtils.takeScreenshot: Taking screenshot to output sink
07:00:16.076 [ INFO] maestro.cli.runner.MaestroCommandRunner.runCommands$lambda$4: Launch app "ai.q9labs.chalk.mobile" with clear state FAILED
